<?xml version="1.0" encoding="UTF-8"?>
<!-- Generated by org.testng.reporters.JUnitXMLReporter -->
<testsuite hostname="DESKTOP-5GI3OCP" ignored="0" name="Free ebay App Test Cases" tests="7" failures="0" timestamp="15 Feb 2022 04:06:50 GMT" time="66.078" errors="0">
  <testcase name="verifyHomePageTitleTest" time="13.468" classname="com.tests.HomePageTest"/>
  <testcase name="verifyLoginPageTitleTest" time="0.016" classname="com.tests.LoginPageTest"/>
  <testcase name="verifySellLinkTest" time="3.736" classname="com.tests.HomePageTest"/>
  <testcase name="doLoginTest" time="3.824" classname="com.tests.LoginPageTest"/>
  <testcase name="verifyallCatLinkTest" time="3.976" classname="com.tests.HomePageTest"/>
  <testcase name="verifymusicLinkTest" time="6.805" classname="com.tests.HomePageTest"/>
  <testcase name="verifyToyLinkTest" time="5.673" classname="com.tests.HomePageTest"/>
</testsuite> <!-- Free ebay App Test Cases -->
