<?xml version="1.0" encoding="UTF-8"?>
<!-- Generated by org.testng.reporters.JUnitXMLReporter -->
<testsuite hostname="DESKTOP-5GI3OCP" ignored="0" name="my ebay test chrome" tests="7" failures="1" timestamp="15 Feb 2022 01:39:22 GMT" time="64.157" errors="0">
  <testcase name="verifyLoginPageTitleTest" time="0.034" classname="com.tests.LoginPageTest"/>
  <testcase name="verifyHomePageTitleTest" time="3.344" classname="com.tests.HomePageTest"/>
  <testcase name="doLoginTest" time="3.994" classname="com.tests.LoginPageTest"/>
  <testcase name="verifySellLinkTest" time="24.073" classname="com.tests.HomePageTest">
    <failure type="java.lang.NullPointerException">
      <![CDATA[java.lang.NullPointerException
at com.pages.HomePage.verifySellLink(HomePage.java:48)
at com.tests.HomePageTest.verifySellLinkTest(HomePageTest.java:28)
at sun.reflect.NativeMethodAccessorImpl.invoke0(Native Method)
at sun.reflect.NativeMethodAccessorImpl.invoke(NativeMethodAccessorImpl.java:62)
at sun.reflect.DelegatingMethodAccessorImpl.invoke(DelegatingMethodAccessorImpl.java:43)
at java.lang.reflect.Method.invoke(Method.java:498)
at org.testng.internal.MethodInvocationHelper.invokeMethod(MethodInvocationHelper.java:124)
at org.testng.internal.Invoker.invokeMethod(Invoker.java:583)
at org.testng.internal.Invoker.invokeTestMethod(Invoker.java:719)
at org.testng.internal.Invoker.invokeTestMethods(Invoker.java:989)
at org.testng.internal.TestMethodWorker.invokeTestMethods(TestMethodWorker.java:125)
at org.testng.internal.TestMethodWorker.run(TestMethodWorker.java:109)
at java.util.concurrent.ThreadPoolExecutor.runWorker(ThreadPoolExecutor.java:1149)
at java.util.concurrent.ThreadPoolExecutor$Worker.run(ThreadPoolExecutor.java:624)
at java.lang.Thread.run(Thread.java:748)
]]>
    </failure>
  </testcase> <!-- verifySellLinkTest -->
  <testcase name="verifyallCatLinkTest" time="3.837" classname="com.tests.HomePageTest"/>
  <testcase name="verifymusicLinkTest" time="8.19" classname="com.tests.HomePageTest"/>
  <testcase name="verifyToyLinkTest" time="5.367" classname="com.tests.HomePageTest"/>
</testsuite> <!-- my ebay test chrome -->
