<?xml version="1.0" encoding="UTF-8"?>
<testng-results skipped="0" failed="0" ignored="0" total="0" passed="0">
  <reporter-output>
  </reporter-output>
  <suite name="FREE ebay Application Test Automation Test Suite" duration-ms="9" started-at="2022-02-15T03:57:50Z" finished-at="2022-02-15T03:57:50Z">
    <groups>
    </groups>
    <test name="Free ebay App Test Cases" duration-ms="9" started-at="2022-02-15T03:57:50Z" finished-at="2022-02-15T03:57:50Z">
    </test> <!-- Free ebay App Test Cases -->
  </suite> <!-- FREE ebay Application Test Automation Test Suite -->
</testng-results>
