<?xml version="1.0" encoding="UTF-8"?>
<testng-results skipped="0" failed="0" ignored="0" total="7" passed="7">
  <reporter-output>
  </reporter-output>
  <suite name="FREE ebay Application Test Automation Test Suite" duration-ms="66078" started-at="2022-02-15T04:05:44Z" finished-at="2022-02-15T04:06:50Z">
    <groups>
    </groups>
    <test name="Free ebay App Test Cases" duration-ms="66078" started-at="2022-02-15T04:05:44Z" finished-at="2022-02-15T04:06:50Z">
      <class name="com.tests.LoginPageTest">
        <test-method status="PASS" signature="setUp(java.lang.String)[pri:0, instance:com.tests.LoginPageTest@5700d6b1]" name="setUp" is-config="true" duration-ms="2836" started-at="2022-02-15T04:06:04Z" finished-at="2022-02-15T04:06:07Z">
          <params>
            <param index="0">
              <value>
                <![CDATA[chrome]]>
              </value>
            </param>
          </params>
          <reporter-output>
          </reporter-output>
        </test-method> <!-- setUp -->
        <test-method status="PASS" signature="verifyLoginPageTitleTest()[pri:1, instance:com.tests.LoginPageTest@5700d6b1]" name="verifyLoginPageTitleTest" duration-ms="16" started-at="2022-02-15T04:06:07Z" finished-at="2022-02-15T04:06:07Z">
          <reporter-output>
          </reporter-output>
        </test-method> <!-- verifyLoginPageTitleTest -->
        <test-method status="PASS" signature="tearDown()[pri:0, instance:com.tests.LoginPageTest@5700d6b1]" name="tearDown" is-config="true" duration-ms="687" started-at="2022-02-15T04:06:07Z" finished-at="2022-02-15T04:06:08Z">
          <reporter-output>
          </reporter-output>
        </test-method> <!-- tearDown -->
        <test-method status="PASS" signature="setUp(java.lang.String)[pri:0, instance:com.tests.LoginPageTest@5700d6b1]" name="setUp" is-config="true" duration-ms="2776" started-at="2022-02-15T04:06:15Z" finished-at="2022-02-15T04:06:18Z">
          <params>
            <param index="0">
              <value>
                <![CDATA[chrome]]>
              </value>
            </param>
          </params>
          <reporter-output>
          </reporter-output>
        </test-method> <!-- setUp -->
        <test-method status="PASS" signature="doLoginTest()[pri:2, instance:com.tests.LoginPageTest@5700d6b1]" name="doLoginTest" duration-ms="3824" started-at="2022-02-15T04:06:18Z" finished-at="2022-02-15T04:06:22Z">
          <reporter-output>
          </reporter-output>
        </test-method> <!-- doLoginTest -->
        <test-method status="PASS" signature="tearDown()[pri:0, instance:com.tests.LoginPageTest@5700d6b1]" name="tearDown" is-config="true" duration-ms="860" started-at="2022-02-15T04:06:22Z" finished-at="2022-02-15T04:06:22Z">
          <reporter-output>
          </reporter-output>
        </test-method> <!-- tearDown -->
      </class> <!-- com.tests.LoginPageTest -->
      <class name="com.tests.HomePageTest">
        <test-method status="PASS" signature="setUp(java.lang.String)[pri:0, instance:com.tests.HomePageTest@1ce92674]" name="setUp" is-config="true" duration-ms="6022" started-at="2022-02-15T04:05:44Z" finished-at="2022-02-15T04:05:50Z">
          <params>
            <param index="0">
              <value>
                <![CDATA[chrome]]>
              </value>
            </param>
          </params>
          <reporter-output>
          </reporter-output>
        </test-method> <!-- setUp -->
        <test-method status="PASS" signature="verifyHomePageTitleTest()[pri:1, instance:com.tests.HomePageTest@1ce92674]" name="verifyHomePageTitleTest" duration-ms="13468" started-at="2022-02-15T04:05:50Z" finished-at="2022-02-15T04:06:03Z">
          <reporter-output>
          </reporter-output>
        </test-method> <!-- verifyHomePageTitleTest -->
        <test-method status="PASS" signature="tearDown()[pri:0, instance:com.tests.HomePageTest@1ce92674]" name="tearDown" is-config="true" duration-ms="778" started-at="2022-02-15T04:06:03Z" finished-at="2022-02-15T04:06:04Z">
          <reporter-output>
          </reporter-output>
        </test-method> <!-- tearDown -->
        <test-method status="PASS" signature="setUp(java.lang.String)[pri:0, instance:com.tests.HomePageTest@1ce92674]" name="setUp" is-config="true" duration-ms="2737" started-at="2022-02-15T04:06:08Z" finished-at="2022-02-15T04:06:10Z">
          <params>
            <param index="0">
              <value>
                <![CDATA[chrome]]>
              </value>
            </param>
          </params>
          <reporter-output>
          </reporter-output>
        </test-method> <!-- setUp -->
        <test-method status="PASS" signature="verifySellLinkTest()[pri:2, instance:com.tests.HomePageTest@1ce92674]" name="verifySellLinkTest" duration-ms="3736" started-at="2022-02-15T04:06:10Z" finished-at="2022-02-15T04:06:14Z">
          <reporter-output>
          </reporter-output>
        </test-method> <!-- verifySellLinkTest -->
        <test-method status="PASS" signature="tearDown()[pri:0, instance:com.tests.HomePageTest@1ce92674]" name="tearDown" is-config="true" duration-ms="874" started-at="2022-02-15T04:06:14Z" finished-at="2022-02-15T04:06:15Z">
          <reporter-output>
          </reporter-output>
        </test-method> <!-- tearDown -->
        <test-method status="PASS" signature="setUp(java.lang.String)[pri:0, instance:com.tests.HomePageTest@1ce92674]" name="setUp" is-config="true" duration-ms="2838" started-at="2022-02-15T04:06:22Z" finished-at="2022-02-15T04:06:25Z">
          <params>
            <param index="0">
              <value>
                <![CDATA[chrome]]>
              </value>
            </param>
          </params>
          <reporter-output>
          </reporter-output>
        </test-method> <!-- setUp -->
        <test-method status="PASS" signature="verifyallCatLinkTest()[pri:3, instance:com.tests.HomePageTest@1ce92674]" name="verifyallCatLinkTest" duration-ms="3976" started-at="2022-02-15T04:06:25Z" finished-at="2022-02-15T04:06:29Z">
          <reporter-output>
          </reporter-output>
        </test-method> <!-- verifyallCatLinkTest -->
        <test-method status="PASS" signature="tearDown()[pri:0, instance:com.tests.HomePageTest@1ce92674]" name="tearDown" is-config="true" duration-ms="865" started-at="2022-02-15T04:06:29Z" finished-at="2022-02-15T04:06:30Z">
          <reporter-output>
          </reporter-output>
        </test-method> <!-- tearDown -->
        <test-method status="PASS" signature="setUp(java.lang.String)[pri:0, instance:com.tests.HomePageTest@1ce92674]" name="setUp" is-config="true" duration-ms="2807" started-at="2022-02-15T04:06:30Z" finished-at="2022-02-15T04:06:33Z">
          <params>
            <param index="0">
              <value>
                <![CDATA[chrome]]>
              </value>
            </param>
          </params>
          <reporter-output>
          </reporter-output>
        </test-method> <!-- setUp -->
        <test-method status="PASS" signature="verifymusicLinkTest()[pri:4, instance:com.tests.HomePageTest@1ce92674]" name="verifymusicLinkTest" duration-ms="6805" started-at="2022-02-15T04:06:33Z" finished-at="2022-02-15T04:06:40Z">
          <reporter-output>
          </reporter-output>
        </test-method> <!-- verifymusicLinkTest -->
        <test-method status="PASS" signature="tearDown()[pri:0, instance:com.tests.HomePageTest@1ce92674]" name="tearDown" is-config="true" duration-ms="772" started-at="2022-02-15T04:06:40Z" finished-at="2022-02-15T04:06:40Z">
          <reporter-output>
          </reporter-output>
        </test-method> <!-- tearDown -->
        <test-method status="PASS" signature="setUp(java.lang.String)[pri:0, instance:com.tests.HomePageTest@1ce92674]" name="setUp" is-config="true" duration-ms="2786" started-at="2022-02-15T04:06:40Z" finished-at="2022-02-15T04:06:43Z">
          <params>
            <param index="0">
              <value>
                <![CDATA[chrome]]>
              </value>
            </param>
          </params>
          <reporter-output>
          </reporter-output>
        </test-method> <!-- setUp -->
        <test-method status="PASS" signature="verifyToyLinkTest()[pri:5, instance:com.tests.HomePageTest@1ce92674]" name="verifyToyLinkTest" duration-ms="5673" started-at="2022-02-15T04:06:43Z" finished-at="2022-02-15T04:06:49Z">
          <reporter-output>
          </reporter-output>
        </test-method> <!-- verifyToyLinkTest -->
        <test-method status="PASS" signature="tearDown()[pri:0, instance:com.tests.HomePageTest@1ce92674]" name="tearDown" is-config="true" duration-ms="895" started-at="2022-02-15T04:06:49Z" finished-at="2022-02-15T04:06:50Z">
          <reporter-output>
          </reporter-output>
        </test-method> <!-- tearDown -->
      </class> <!-- com.tests.HomePageTest -->
    </test> <!-- Free ebay App Test Cases -->
  </suite> <!-- FREE ebay Application Test Automation Test Suite -->
</testng-results>
